{"name": "test_successful_registration", "status": "broken", "statusDetails": {"message": "selenium.common.exceptions.TimeoutException: Message:", "trace": "driver = <selenium.webdriver.chrome.webdriver.WebDriver (session=\"2ca412f8f3d52e551120b14209bc0a4c\")>, register_user = <function register_user.<locals>._register at 0x106ecbec0>\n\n    @allure.feature(\"Registration\")\n    @pytest.mark.usefixtures(\"navigate_to_site\")\n    def test_successful_registration(driver, register_user):\n        main_page = MainPage(driver)\n    \n        main_page.click_signup_button()\n    \n        # waiting for the registration form to appear.\n        main_page.wait_for_element_visibility((By.CLASS_NAME, \"modal-body\"))\n    \n        main_page.fill_form(\"Test\", \"User\", \"k7muser@example.com\", \"ValidPass123\", \"ValidPass123\")\n    \n        # submitting the form\n        main_page.submit_form()\n    \n>       main_page.wait_for_registration_to_complete()\n\ntests/test_user_registration.py:29: \n_ _ _ _ _ _ _ _ _ _ _ _ _ _ _ _ _ _ _ _ _ _ _ _ _ _ _ _ _ _ _ _ _ _ _ _ _ _ _ _ _ _ _ _ _ _ _ _ _ _ _ _ _ _ _ _ _ _ _ _ _ _ _ _ _ _ _ _ _ _ _ _ _ _ _ _ _ _ _ _ _ _ _ _ _ _ _ _ _ _ _ _ _ \npages/main_page.py:54: in wait_for_registration_to_complete\n    WebDriverWait(self.driver, 10).until(\n_ _ _ _ _ _ _ _ _ _ _ _ _ _ _ _ _ _ _ _ _ _ _ _ _ _ _ _ _ _ _ _ _ _ _ _ _ _ _ _ _ _ _ _ _ _ _ _ _ _ _ _ _ _ _ _ _ _ _ _ _ _ _ _ _ _ _ _ _ _ _ _ _ _ _ _ _ _ _ _ _ _ _ _ _ _ _ _ _ _ _ _ _ \n\nself = <selenium.webdriver.support.wait.WebDriverWait (session=\"2ca412f8f3d52e551120b14209bc0a4c\")>\nmethod = <function invisibility_of_element_located.<locals>._predicate at 0x106f1da80>, message = ''\n\n    def until(self, method: Callable[[D], Union[Literal[False], T]], message: str = \"\") -> T:\n        \"\"\"Calls the method provided with the driver as an argument until the \\\n        return value does not evaluate to ``False``.\n    \n        :param method: callable(WebDriver)\n        :param message: optional message for :exc:`TimeoutException`\n        :returns: the result of the last call to `method`\n        :raises: :exc:`selenium.common.exceptions.TimeoutException` if timeout occurs\n        \"\"\"\n        screen = None\n        stacktrace = None\n    \n        end_time = time.monotonic() + self._timeout\n        while True:\n            try:\n                value = method(self._driver)\n                if value:\n                    return value\n            except self._ignored_exceptions as exc:\n                screen = getattr(exc, \"screen\", None)\n                stacktrace = getattr(exc, \"stacktrace\", None)\n            if time.monotonic() > end_time:\n                break\n            time.sleep(self._poll)\n>       raise TimeoutException(message, screen, stacktrace)\nE       selenium.common.exceptions.TimeoutException: Message:\n\n../.venv/bin/python/lib/python3.12/site-packages/selenium/webdriver/support/wait.py:105: TimeoutException"}, "steps": [{"name": "Click on the button 'Registration'", "status": "passed", "start": 1733435652014, "stop": 1733435652109}, {"name": "Waiting for element to visibility.", "status": "passed", "parameters": [{"name": "locator", "value": "('class name', 'modal-body')"}, {"name": "timeout", "value": "10"}], "start": 1733435652109, "stop": 1733435652149}, {"name": "Fill in the form of registration.", "status": "passed", "steps": [{"name": "Fill in the field of registration.", "status": "passed", "parameters": [{"name": "field_locator", "value": "('id', 'signupName')"}, {"name": "value", "value": "'Test'"}], "start": 1733435652150, "stop": 1733435652323}, {"name": "Fill in the field of registration.", "status": "passed", "parameters": [{"name": "field_locator", "value": "('id', 'signupLastName')"}, {"name": "value", "value": "'User'"}], "start": 1733435652323, "stop": 1733435652394}, {"name": "Fill in the field of registration.", "status": "passed", "parameters": [{"name": "field_locator", "value": "('id', 'signupEmail')"}, {"name": "value", "value": "'k7muser@example.com'"}], "start": 1733435652394, "stop": 1733435652454}, {"name": "Fill in the field of registration.", "status": "passed", "parameters": [{"name": "field_locator", "value": "('id', 'signupPassword')"}, {"name": "value", "value": "'ValidPass123'"}], "start": 1733435652454, "stop": 1733435652511}, {"name": "Fill in the field of registration.", "status": "passed", "parameters": [{"name": "field_locator", "value": "('id', 'signupRepeatPassword')"}, {"name": "value", "value": "'ValidPass123'"}], "start": 1733435652511, "stop": 1733435652570}], "parameters": [{"name": "name", "value": "'Test'"}, {"name": "last_name", "value": "'User'"}, {"name": "email", "value": "'k7muser@example.com'"}, {"name": "password", "value": "'ValidPass123'"}, {"name": "repeat_password", "value": "'ValidPass123'"}], "start": 1733435652150, "stop": 1733435652570}, {"name": "Click on the button of registration.", "status": "passed", "start": 1733435652570, "stop": 1733435652613}, {"name": "Waiting for registration to complete.", "status": "broken", "statusDetails": {"message": "selenium.common.exceptions.TimeoutException: Message: \n\n", "trace": "  File \"/Users/marianna/PycharmProjects/demo/Lesson_2-GitHub-/.venv/bin/python/lib/python3.12/site-packages/allure_commons/_allure.py\", line 192, in impl\n    return func(*a, **kw)\n           ^^^^^^^^^^^^^^\n  File \"/Users/marianna/PycharmProjects/demo/Lesson_2-GitHub-/lesson_30_allure/pages/main_page.py\", line 54, in wait_for_registration_to_complete\n    WebDriverWait(self.driver, 10).until(\n  File \"/Users/marianna/PycharmProjects/demo/Lesson_2-GitHub-/.venv/bin/python/lib/python3.12/site-packages/selenium/webdriver/support/wait.py\", line 105, in until\n    raise TimeoutException(message, screen, stacktrace)\n"}, "start": 1733435652613, "stop": 1733435663051}], "attachments": [{"name": "log", "source": "25d6dcb0-451a-42db-9de4-da9b8c216217-attachment.txt", "type": "text/plain"}], "start": 1733435652014, "stop": 1733435663054, "uuid": "c62d6a89-6f47-4472-9aab-3a50d0001e2c", "historyId": "4fa2b6ec3e4e55f3a3d4ffab841f3d15", "testCaseId": "4fa2b6ec3e4e55f3a3d4ffab841f3d15", "fullName": "lesson_30_allure.tests.test_user_registration#test_successful_registration", "labels": [{"name": "feature", "value": "Registration"}, {"name": "tag", "value": "@pytest.mark.usefixtures('navigate_to_site')"}, {"name": "parentSuite", "value": "lesson_30_allure.tests"}, {"name": "suite", "value": "test_user_registration"}, {"name": "host", "value": "MacBook-Air.local"}, {"name": "thread", "value": "52163-MainThread"}, {"name": "framework", "value": "pytest"}, {"name": "language", "value": "cpython3"}, {"name": "package", "value": "lesson_30_allure.tests.test_user_registration"}]}