{"uid":"e1562c0ed084cbb5","name":"test_successful_registration","fullName":"lesson_30_allure.tests.test_user_registration#test_successful_registration","historyId":"4fa2b6ec3e4e55f3a3d4ffab841f3d15","time":{"start":1733435652014,"stop":1733435663054,"duration":11040},"status":"broken","statusMessage":"selenium.common.exceptions.TimeoutException: Message:","statusTrace":"driver = <selenium.webdriver.chrome.webdriver.WebDriver (session=\"2ca412f8f3d52e551120b14209bc0a4c\")>, register_user = <function register_user.<locals>._register at 0x106ecbec0>\n\n    @allure.feature(\"Registration\")\n    @pytest.mark.usefixtures(\"navigate_to_site\")\n    def test_successful_registration(driver, register_user):\n        main_page = MainPage(driver)\n    \n        main_page.click_signup_button()\n    \n        # waiting for the registration form to appear.\n        main_page.wait_for_element_visibility((By.CLASS_NAME, \"modal-body\"))\n    \n        main_page.fill_form(\"Test\", \"User\", \"k7muser@example.com\", \"ValidPass123\", \"ValidPass123\")\n    \n        # submitting the form\n        main_page.submit_form()\n    \n>       main_page.wait_for_registration_to_complete()\n\ntests/test_user_registration.py:29: \n_ _ _ _ _ _ _ _ _ _ _ _ _ _ _ _ _ _ _ _ _ _ _ _ _ _ _ _ _ _ _ _ _ _ _ _ _ _ _ _ _ _ _ _ _ _ _ _ _ _ _ _ _ _ _ _ _ _ _ _ _ _ _ _ _ _ _ _ _ _ _ _ _ _ _ _ _ _ _ _ _ _ _ _ _ _ _ _ _ _ _ _ _ \npages/main_page.py:54: in wait_for_registration_to_complete\n    WebDriverWait(self.driver, 10).until(\n_ _ _ _ _ _ _ _ _ _ _ _ _ _ _ _ _ _ _ _ _ _ _ _ _ _ _ _ _ _ _ _ _ _ _ _ _ _ _ _ _ _ _ _ _ _ _ _ _ _ _ _ _ _ _ _ _ _ _ _ _ _ _ _ _ _ _ _ _ _ _ _ _ _ _ _ _ _ _ _ _ _ _ _ _ _ _ _ _ _ _ _ _ \n\nself = <selenium.webdriver.support.wait.WebDriverWait (session=\"2ca412f8f3d52e551120b14209bc0a4c\")>\nmethod = <function invisibility_of_element_located.<locals>._predicate at 0x106f1da80>, message = ''\n\n    def until(self, method: Callable[[D], Union[Literal[False], T]], message: str = \"\") -> T:\n        \"\"\"Calls the method provided with the driver as an argument until the \\\n        return value does not evaluate to ``False``.\n    \n        :param method: callable(WebDriver)\n        :param message: optional message for :exc:`TimeoutException`\n        :returns: the result of the last call to `method`\n        :raises: :exc:`selenium.common.exceptions.TimeoutException` if timeout occurs\n        \"\"\"\n        screen = None\n        stacktrace = None\n    \n        end_time = time.monotonic() + self._timeout\n        while True:\n            try:\n                value = method(self._driver)\n                if value:\n                    return value\n            except self._ignored_exceptions as exc:\n                screen = getattr(exc, \"screen\", None)\n                stacktrace = getattr(exc, \"stacktrace\", None)\n            if time.monotonic() > end_time:\n                break\n            time.sleep(self._poll)\n>       raise TimeoutException(message, screen, stacktrace)\nE       selenium.common.exceptions.TimeoutException: Message:\n\n../.venv/bin/python/lib/python3.12/site-packages/selenium/webdriver/support/wait.py:105: TimeoutException","flaky":false,"newFailed":false,"newBroken":false,"newPassed":false,"retriesCount":0,"retriesStatusChange":false,"beforeStages":[{"name":"driver","time":{"start":1733435648686,"stop":1733435651067,"duration":2381},"status":"passed","steps":[],"attachments":[],"parameters":[],"shouldDisplayMessage":false,"attachmentsCount":0,"attachmentStep":false,"stepsCount":0,"hasContent":false},{"name":"navigate_to_site","time":{"start":1733435651067,"stop":1733435652013,"duration":946},"status":"passed","steps":[],"attachments":[],"parameters":[],"shouldDisplayMessage":false,"attachmentsCount":0,"attachmentStep":false,"stepsCount":0,"hasContent":false},{"name":"register_user","time":{"start":1733435652013,"stop":1733435652013,"duration":0},"status":"passed","steps":[],"attachments":[],"parameters":[],"shouldDisplayMessage":false,"attachmentsCount":0,"attachmentStep":false,"stepsCount":0,"hasContent":false}],"testStage":{"status":"broken","statusMessage":"selenium.common.exceptions.TimeoutException: Message:","statusTrace":"driver = <selenium.webdriver.chrome.webdriver.WebDriver (session=\"2ca412f8f3d52e551120b14209bc0a4c\")>, register_user = <function register_user.<locals>._register at 0x106ecbec0>\n\n    @allure.feature(\"Registration\")\n    @pytest.mark.usefixtures(\"navigate_to_site\")\n    def test_successful_registration(driver, register_user):\n        main_page = MainPage(driver)\n    \n        main_page.click_signup_button()\n    \n        # waiting for the registration form to appear.\n        main_page.wait_for_element_visibility((By.CLASS_NAME, \"modal-body\"))\n    \n        main_page.fill_form(\"Test\", \"User\", \"k7muser@example.com\", \"ValidPass123\", \"ValidPass123\")\n    \n        # submitting the form\n        main_page.submit_form()\n    \n>       main_page.wait_for_registration_to_complete()\n\ntests/test_user_registration.py:29: \n_ _ _ _ _ _ _ _ _ _ _ _ _ _ _ _ _ _ _ _ _ _ _ _ _ _ _ _ _ _ _ _ _ _ _ _ _ _ _ _ _ _ _ _ _ _ _ _ _ _ _ _ _ _ _ _ _ _ _ _ _ _ _ _ _ _ _ _ _ _ _ _ _ _ _ _ _ _ _ _ _ _ _ _ _ _ _ _ _ _ _ _ _ \npages/main_page.py:54: in wait_for_registration_to_complete\n    WebDriverWait(self.driver, 10).until(\n_ _ _ _ _ _ _ _ _ _ _ _ _ _ _ _ _ _ _ _ _ _ _ _ _ _ _ _ _ _ _ _ _ _ _ _ _ _ _ _ _ _ _ _ _ _ _ _ _ _ _ _ _ _ _ _ _ _ _ _ _ _ _ _ _ _ _ _ _ _ _ _ _ _ _ _ _ _ _ _ _ _ _ _ _ _ _ _ _ _ _ _ _ \n\nself = <selenium.webdriver.support.wait.WebDriverWait (session=\"2ca412f8f3d52e551120b14209bc0a4c\")>\nmethod = <function invisibility_of_element_located.<locals>._predicate at 0x106f1da80>, message = ''\n\n    def until(self, method: Callable[[D], Union[Literal[False], T]], message: str = \"\") -> T:\n        \"\"\"Calls the method provided with the driver as an argument until the \\\n        return value does not evaluate to ``False``.\n    \n        :param method: callable(WebDriver)\n        :param message: optional message for :exc:`TimeoutException`\n        :returns: the result of the last call to `method`\n        :raises: :exc:`selenium.common.exceptions.TimeoutException` if timeout occurs\n        \"\"\"\n        screen = None\n        stacktrace = None\n    \n        end_time = time.monotonic() + self._timeout\n        while True:\n            try:\n                value = method(self._driver)\n                if value:\n                    return value\n            except self._ignored_exceptions as exc:\n                screen = getattr(exc, \"screen\", None)\n                stacktrace = getattr(exc, \"stacktrace\", None)\n            if time.monotonic() > end_time:\n                break\n            time.sleep(self._poll)\n>       raise TimeoutException(message, screen, stacktrace)\nE       selenium.common.exceptions.TimeoutException: Message:\n\n../.venv/bin/python/lib/python3.12/site-packages/selenium/webdriver/support/wait.py:105: TimeoutException","steps":[{"name":"Click on the button 'Registration'","time":{"start":1733435652014,"stop":1733435652109,"duration":95},"status":"passed","steps":[],"attachments":[],"parameters":[],"shouldDisplayMessage":false,"attachmentsCount":0,"attachmentStep":false,"stepsCount":0,"hasContent":false},{"name":"Waiting for element to visibility.","time":{"start":1733435652109,"stop":1733435652149,"duration":40},"status":"passed","steps":[],"attachments":[],"parameters":[{"name":"locator","value":"('class name', 'modal-body')"},{"name":"timeout","value":"10"}],"shouldDisplayMessage":false,"attachmentsCount":0,"attachmentStep":false,"stepsCount":0,"hasContent":true},{"name":"Fill in the form of registration.","time":{"start":1733435652150,"stop":1733435652570,"duration":420},"status":"passed","steps":[{"name":"Fill in the field of registration.","time":{"start":1733435652150,"stop":1733435652323,"duration":173},"status":"passed","steps":[],"attachments":[],"parameters":[{"name":"field_locator","value":"('id', 'signupName')"},{"name":"value","value":"'Test'"}],"shouldDisplayMessage":false,"attachmentsCount":0,"attachmentStep":false,"stepsCount":0,"hasContent":true},{"name":"Fill in the field of registration.","time":{"start":1733435652323,"stop":1733435652394,"duration":71},"status":"passed","steps":[],"attachments":[],"parameters":[{"name":"field_locator","value":"('id', 'signupLastName')"},{"name":"value","value":"'User'"}],"shouldDisplayMessage":false,"attachmentsCount":0,"attachmentStep":false,"stepsCount":0,"hasContent":true},{"name":"Fill in the field of registration.","time":{"start":1733435652394,"stop":1733435652454,"duration":60},"status":"passed","steps":[],"attachments":[],"parameters":[{"name":"field_locator","value":"('id', 'signupEmail')"},{"name":"value","value":"'k7muser@example.com'"}],"shouldDisplayMessage":false,"attachmentsCount":0,"attachmentStep":false,"stepsCount":0,"hasContent":true},{"name":"Fill in the field of registration.","time":{"start":1733435652454,"stop":1733435652511,"duration":57},"status":"passed","steps":[],"attachments":[],"parameters":[{"name":"field_locator","value":"('id', 'signupPassword')"},{"name":"value","value":"'ValidPass123'"}],"shouldDisplayMessage":false,"attachmentsCount":0,"attachmentStep":false,"stepsCount":0,"hasContent":true},{"name":"Fill in the field of registration.","time":{"start":1733435652511,"stop":1733435652570,"duration":59},"status":"passed","steps":[],"attachments":[],"parameters":[{"name":"field_locator","value":"('id', 'signupRepeatPassword')"},{"name":"value","value":"'ValidPass123'"}],"shouldDisplayMessage":false,"attachmentsCount":0,"attachmentStep":false,"stepsCount":0,"hasContent":true}],"attachments":[],"parameters":[{"name":"name","value":"'Test'"},{"name":"last_name","value":"'User'"},{"name":"email","value":"'k7muser@example.com'"},{"name":"password","value":"'ValidPass123'"},{"name":"repeat_password","value":"'ValidPass123'"}],"shouldDisplayMessage":false,"attachmentsCount":0,"attachmentStep":false,"stepsCount":5,"hasContent":true},{"name":"Click on the button of registration.","time":{"start":1733435652570,"stop":1733435652613,"duration":43},"status":"passed","steps":[],"attachments":[],"parameters":[],"shouldDisplayMessage":false,"attachmentsCount":0,"attachmentStep":false,"stepsCount":0,"hasContent":false},{"name":"Waiting for registration to complete.","time":{"start":1733435652613,"stop":1733435663051,"duration":10438},"status":"broken","statusMessage":"selenium.common.exceptions.TimeoutException: Message: \n\n","statusTrace":"  File \"/Users/marianna/PycharmProjects/demo/Lesson_2-GitHub-/.venv/bin/python/lib/python3.12/site-packages/allure_commons/_allure.py\", line 192, in impl\n    return func(*a, **kw)\n           ^^^^^^^^^^^^^^\n  File \"/Users/marianna/PycharmProjects/demo/Lesson_2-GitHub-/lesson_30_allure/pages/main_page.py\", line 54, in wait_for_registration_to_complete\n    WebDriverWait(self.driver, 10).until(\n  File \"/Users/marianna/PycharmProjects/demo/Lesson_2-GitHub-/.venv/bin/python/lib/python3.12/site-packages/selenium/webdriver/support/wait.py\", line 105, in until\n    raise TimeoutException(message, screen, stacktrace)\n","steps":[],"attachments":[],"parameters":[],"shouldDisplayMessage":true,"attachmentsCount":0,"attachmentStep":false,"stepsCount":0,"hasContent":true}],"attachments":[{"uid":"7b442a1f6f4fde93","name":"log","source":"7b442a1f6f4fde93.txt","type":"text/plain","size":72871}],"parameters":[],"shouldDisplayMessage":true,"attachmentsCount":1,"attachmentStep":false,"stepsCount":10,"hasContent":true},"afterStages":[{"name":"driver::0","time":{"start":1733435663091,"stop":1733435663180,"duration":89},"status":"passed","steps":[],"attachments":[],"parameters":[],"shouldDisplayMessage":false,"attachmentsCount":0,"attachmentStep":false,"stepsCount":0,"hasContent":false}],"labels":[{"name":"feature","value":"Registration"},{"name":"tag","value":"@pytest.mark.usefixtures('navigate_to_site')"},{"name":"parentSuite","value":"lesson_30_allure.tests"},{"name":"suite","value":"test_user_registration"},{"name":"host","value":"MacBook-Air.local"},{"name":"thread","value":"52163-MainThread"},{"name":"framework","value":"pytest"},{"name":"language","value":"cpython3"},{"name":"package","value":"lesson_30_allure.tests.test_user_registration"},{"name":"resultFormat","value":"allure2"}],"parameters":[],"links":[],"hidden":false,"retry":false,"extra":{"severity":"normal","retries":[],"categories":[{"name":"Test defects","matchedStatuses":[],"flaky":false}],"tags":["@pytest.mark.usefixtures('navigate_to_site')"]},"source":"e1562c0ed084cbb5.json","parameterValues":[]}